[2026-01-21 07:25:21] Script started
[2026-01-21 07:25:21] Main directory created: 2026-01-21_07-25-21
[2026-01-21 07:25:21] Subdirectory created: 2026-01-21_07-25-21/file101
[2026-01-21 07:25:21] Created file: file101/tuser501.txt
[2026-01-21 07:25:21] Created file: file101/tuser502.txt
[2026-01-21 07:25:21] Created file: file101/tuser503.txt
[2026-01-21 07:25:21] Created file: file101/tuser504.txt
[2026-01-21 07:25:21] Created file: file101/tuser505.txt
[2026-01-21 07:25:21] Created file: file101/tuser506.txt
[2026-01-21 07:25:21] Created file: file101/tuser507.txt
[2026-01-21 07:25:21] Created file: file101/tuser508.txt
[2026-01-21 07:25:21] Created file: file101/tuser509.txt
[2026-01-21 07:25:21] Created file: file101/tuser510.txt
[2026-01-21 07:25:21] Subdirectory created: 2026-01-21_07-25-21/file102
[2026-01-21 07:25:21] Created file: file102/tuser501.txt
[2026-01-21 07:25:21] Created file: file102/tuser502.txt
[2026-01-21 07:25:21] Created file: file102/tuser503.txt
[2026-01-21 07:25:21] Created file: file102/tuser504.txt
[2026-01-21 07:25:21] Created file: file102/tuser505.txt
[2026-01-21 07:25:21] Created file: file102/tuser506.txt
[2026-01-21 07:25:21] Created file: file102/tuser507.txt
[2026-01-21 07:25:21] Created file: file102/tuser508.txt
[2026-01-21 07:25:21] Created file: file102/tuser509.txt
[2026-01-21 07:25:21] Created file: file102/tuser510.txt
[2026-01-21 07:25:21] Subdirectory created: 2026-01-21_07-25-21/file103
[2026-01-21 07:25:21] Created file: file103/tuser501.txt
[2026-01-21 07:25:21] Created file: file103/tuser502.txt
[2026-01-21 07:25:21] Created file: file103/tuser503.txt
[2026-01-21 07:25:21] Created file: file103/tuser504.txt
[2026-01-21 07:25:21] Created file: file103/tuser505.txt
[2026-01-21 07:25:21] Created file: file103/tuser506.txt
[2026-01-21 07:25:21] Created file: file103/tuser507.txt
[2026-01-21 07:25:21] Created file: file103/tuser508.txt
[2026-01-21 07:25:21] Created file: file103/tuser509.txt
[2026-01-21 07:25:21] Created file: file103/tuser510.txt
[2026-01-21 07:25:21] Subdirectory created: 2026-01-21_07-25-21/file104
[2026-01-21 07:25:21] Created file: file104/tuser501.txt
[2026-01-21 07:25:21] Created file: file104/tuser502.txt
[2026-01-21 07:25:21] Created file: file104/tuser503.txt
[2026-01-21 07:25:21] Created file: file104/tuser504.txt
[2026-01-21 07:25:21] Created file: file104/tuser505.txt
[2026-01-21 07:25:21] Created file: file104/tuser506.txt
[2026-01-21 07:25:21] Created file: file104/tuser507.txt
[2026-01-21 07:25:21] Created file: file104/tuser508.txt
[2026-01-21 07:25:21] Created file: file104/tuser509.txt
[2026-01-21 07:25:21] Created file: file104/tuser510.txt
[2026-01-21 07:25:21] Subdirectory created: 2026-01-21_07-25-21/file105
[2026-01-21 07:25:21] Created file: file105/tuser501.txt
[2026-01-21 07:25:21] Created file: file105/tuser502.txt
[2026-01-21 07:25:21] Created file: file105/tuser503.txt
[2026-01-21 07:25:21] Created file: file105/tuser504.txt
[2026-01-21 07:25:21] Created file: file105/tuser505.txt
[2026-01-21 07:25:21] Created file: file105/tuser506.txt
[2026-01-21 07:25:21] Created file: file105/tuser507.txt
[2026-01-21 07:25:21] Created file: file105/tuser508.txt
[2026-01-21 07:25:21] Created file: file105/tuser509.txt
[2026-01-21 07:25:21] Created file: file105/tuser510.txt
[2026-01-21 07:25:21] Subdirectory created: 2026-01-21_07-25-21/file106
[2026-01-21 07:25:21] Created file: file106/tuser501.txt
[2026-01-21 07:25:21] Created file: file106/tuser502.txt
[2026-01-21 07:25:21] Created file: file106/tuser503.txt
[2026-01-21 07:25:21] Created file: file106/tuser504.txt
[2026-01-21 07:25:21] Created file: file106/tuser505.txt
[2026-01-21 07:25:21] Created file: file106/tuser506.txt
[2026-01-21 07:25:21] Created file: file106/tuser507.txt
[2026-01-21 07:25:21] Created file: file106/tuser508.txt
[2026-01-21 07:25:21] Created file: file106/tuser509.txt
[2026-01-21 07:25:21] Created file: file106/tuser510.txt
[2026-01-21 07:25:21] Subdirectory created: 2026-01-21_07-25-21/file107
[2026-01-21 07:25:21] Created file: file107/tuser501.txt
[2026-01-21 07:25:21] Created file: file107/tuser502.txt
[2026-01-21 07:25:21] Created file: file107/tuser503.txt
[2026-01-21 07:25:21] Created file: file107/tuser504.txt
[2026-01-21 07:25:21] Created file: file107/tuser505.txt
[2026-01-21 07:25:21] Created file: file107/tuser506.txt
[2026-01-21 07:25:21] Created file: file107/tuser507.txt
[2026-01-21 07:25:21] Created file: file107/tuser508.txt
[2026-01-21 07:25:21] Created file: file107/tuser509.txt
[2026-01-21 07:25:21] Created file: file107/tuser510.txt
[2026-01-21 07:25:21] Subdirectory created: 2026-01-21_07-25-21/file108
[2026-01-21 07:25:21] Created file: file108/tuser501.txt
[2026-01-21 07:25:21] Created file: file108/tuser502.txt
[2026-01-21 07:25:21] Created file: file108/tuser503.txt
[2026-01-21 07:25:21] Created file: file108/tuser504.txt
[2026-01-21 07:25:21] Created file: file108/tuser505.txt
[2026-01-21 07:25:21] Created file: file108/tuser506.txt
[2026-01-21 07:25:21] Created file: file108/tuser507.txt
[2026-01-21 07:25:21] Created file: file108/tuser508.txt
[2026-01-21 07:25:21] Created file: file108/tuser509.txt
[2026-01-21 07:25:21] Created file: file108/tuser510.txt
[2026-01-21 07:25:21] Subdirectory created: 2026-01-21_07-25-21/file109
[2026-01-21 07:25:21] Created file: file109/tuser501.txt
[2026-01-21 07:25:21] Created file: file109/tuser502.txt
[2026-01-21 07:25:21] Created file: file109/tuser503.txt
[2026-01-21 07:25:21] Created file: file109/tuser504.txt
[2026-01-21 07:25:21] Created file: file109/tuser505.txt
[2026-01-21 07:25:21] Created file: file109/tuser506.txt
[2026-01-21 07:25:21] Created file: file109/tuser507.txt
[2026-01-21 07:25:21] Created file: file109/tuser508.txt
[2026-01-21 07:25:21] Created file: file109/tuser509.txt
[2026-01-21 07:25:21] Created file: file109/tuser510.txt
[2026-01-21 07:25:21] Subdirectory created: 2026-01-21_07-25-21/file110
[2026-01-21 07:25:21] Created file: file110/tuser501.txt
[2026-01-21 07:25:21] Created file: file110/tuser502.txt
[2026-01-21 07:25:21] Created file: file110/tuser503.txt
[2026-01-21 07:25:21] Created file: file110/tuser504.txt
[2026-01-21 07:25:21] Created file: file110/tuser505.txt
[2026-01-21 07:25:21] Created file: file110/tuser506.txt
[2026-01-21 07:25:21] Created file: file110/tuser507.txt
[2026-01-21 07:25:21] Created file: file110/tuser508.txt
[2026-01-21 07:25:21] Created file: file110/tuser509.txt
[2026-01-21 07:25:21] Created file: file110/tuser510.txt
[2026-01-21 07:25:21] Script finished successfully
